<?xml version="1.0" encoding="UTF-8"?>
<!-- Generated by org.testng.reporters.JUnitXMLReporter -->
<testsuite hostname="DESKTOP-QFMIKKG" ignored="0" name="Test" tests="1" failures="1" timestamp="2020-08-26T13:03:46 IST" time="0.059" errors="0">
  <testcase name="@BeforeTest setup" time="-1.598427226651E9" classname="Utilities.BrowserSettings">
    <failure type="org.testng.TestNGException" message="
Parameter &amp;apos;browser&amp;apos; is required by BeforeTest on method setup but has not been marked @Optional or defined
in C:\Users\RituSingh\Documents\Selenium project training\project\testng.xml">
      <![CDATA[org.testng.TestNGException: 
Parameter 'browser' is required by BeforeTest on method setup but has not been marked @Optional or defined
in C:\Users\RituSingh\Documents\Selenium project training\project\testng.xml
... Removed 21 stack frames]]>
    </failure>
  </testcase> <!-- @BeforeTest setup -->
  <testcase name="login" time="0.0" classname="com.Testcases.activity1">
    <failure type="org.testng.TestNGException" message="
Parameter &amp;apos;browser&amp;apos; is required by @Test on method login but has not been marked @Optional or defined
in C:\Users\RituSingh\Documents\Selenium project training\project\testng.xml">
      <![CDATA[org.testng.TestNGException: 
Parameter 'browser' is required by @Test on method login but has not been marked @Optional or defined
in C:\Users\RituSingh\Documents\Selenium project training\project\testng.xml
at java.util.ArrayList.forEach(Unknown Source)
... Removed 26 stack frames]]>
    </failure>
  </testcase> <!-- login -->
</testsuite> <!-- Test -->
